This file contains any messages produced by compilers while
running configure, to aid debugging if configure makes a mistake.

It was created by ece_473_lab configure 1.0, which was
generated by GNU Autoconf 2.71.  Invocation command line was

  $ ../configure --host=avr

## --------- ##
## Platform. ##
## --------- ##

hostname = gab-ROG-Zephyrus-G14-GA401QM-GA401QM
uname -m = x86_64
uname -r = 6.8.0-47-generic
uname -s = Linux
uname -v = #47~22.04.1-Ubuntu SMP PREEMPT_DYNAMIC Wed Oct  2 16:16:55 UTC 2

/usr/bin/uname -p = x86_64
/bin/uname -X     = unknown

/bin/arch              = x86_64
/usr/bin/arch -k       = unknown
/usr/convex/getsysinfo = unknown
/usr/bin/hostinfo      = unknown
/bin/machine           = unknown
/usr/bin/oslevel       = unknown
/bin/universe          = unknown

PATH: /home/gab/.cargo/bin/
PATH: /usr/local/sbin/
PATH: /usr/local/bin/
PATH: /usr/sbin/
PATH: /usr/bin/
PATH: /sbin/
PATH: /bin/
PATH: /usr/games/
PATH: /usr/local/games/
PATH: /snap/bin/
PATH: /opt/gcc-arm/bin/
PATH: /opt/openOCD/xpack-openocd-0.12.0-1/bin/
PATH: /opt/stlink/src/
PATH: /snap/bin/


## ----------- ##
## Core tests. ##
## ----------- ##

configure:2415: looking for aux files: config.guess config.sub ltmain.sh ar-lib compile missing install-sh
configure:2428:  trying ../
configure:2457:   ../config.guess found
configure:2457:   ../config.sub found
configure:2457:   ../ltmain.sh found
configure:2457:   ../ar-lib found
configure:2457:   ../compile found
configure:2457:   ../missing found
configure:2439:   ../install-sh found
configure:2586: checking for a BSD-compatible install
configure:2659: result: /usr/bin/install -c
configure:2670: checking whether build environment is sane
configure:2725: result: yes
configure:2781: checking for avr-strip
configure:2802: found /usr/bin/avr-strip
configure:2813: result: avr-strip
configure:2884: checking for a race-free mkdir -p
configure:2928: result: /usr/bin/mkdir -p
configure:2935: checking for gawk
configure:2970: result: no
configure:2935: checking for mawk
configure:2956: found /usr/bin/mawk
configure:2967: result: mawk
configure:2978: checking whether make sets $(MAKE)
configure:3001: result: yes
configure:3031: checking whether make supports nested variables
configure:3049: result: yes
configure:3211: checking for avr-gcc
configure:3232: found /usr/bin/avr-gcc
configure:3243: result: avr-gcc
configure:3641: checking for C compiler version
configure:3650: avr-gcc --version >&5
avr-gcc (GCC) 5.4.0
Copyright (C) 2015 Free Software Foundation, Inc.
This is free software; see the source for copying conditions.  There is NO
warranty; not even for MERCHANTABILITY or FITNESS FOR A PARTICULAR PURPOSE.

configure:3661: $? = 0
configure:3650: avr-gcc -v >&5
Using built-in specs.
Reading specs from /usr/lib/gcc/avr/5.4.0/device-specs/specs-avr2
COLLECT_GCC=avr-gcc
COLLECT_LTO_WRAPPER=/usr/lib/gcc/avr/5.4.0/lto-wrapper
Target: avr
Configured with: ../gcc/configure -v --enable-languages=c,c++ --prefix=/usr/lib --infodir=/usr/share/info --mandir=/usr/share/man --bindir=/usr/bin --libexecdir=/usr/lib --libdir=/usr/lib --enable-shared --with-system-zlib --enable-long-long --enable-nls --without-included-gettext --disable-libssp --disable-libcc1 --build=x86_64-linux-gnu --host=x86_64-linux-gnu --target=avr ASFLAGS= CFLAGS='-g -O2 -ffile-prefix-map=/build/gcc-avr-VxQ9yL/gcc-avr-5.4.0+Atmel3.6.2=. -flto=auto -ffat-lto-objects -flto=auto -ffat-lto-objects -fstack-protector-strong -Wformat ' CPPFLAGS='-Wdate-time -D_FORTIFY_SOURCE=2' CXXFLAGS='-g -O2 -ffile-prefix-map=/build/gcc-avr-VxQ9yL/gcc-avr-5.4.0+Atmel3.6.2=. -flto=auto -ffat-lto-objects -flto=auto -ffat-lto-objects -fstack-protector-strong -Wformat ' DFLAGS=-frelease FCFLAGS='-g -O2 -ffile-prefix-map=/build/gcc-avr-VxQ9yL/gcc-avr-5.4.0+Atmel3.6.2=. -flto=auto -ffat-lto-objects -flto=auto -ffat-lto-objects -fstack-protector-strong' FFLAGS='-g -O2 -ffile-prefix-map=/build/gcc-avr-VxQ9yL/gcc-avr-5.4.0+Atmel3.6.2=. -flto=auto -ffat-lto-objects -flto=auto -ffat-lto-objects -fstack-protector-strong' GCJFLAGS='-g -O2 -ffile-prefix-map=/build/gcc-avr-VxQ9yL/gcc-avr-5.4.0+Atmel3.6.2=. -flto=auto -ffat-lto-objects -fstack-protector-strong' LDFLAGS='-Wl,-Bsymbolic-functions -flto=auto -ffat-lto-objects -flto=auto -Wl,-z,relro' OBJCFLAGS='-g -O2 -ffile-prefix-map=/build/gcc-avr-VxQ9yL/gcc-avr-5.4.0+Atmel3.6.2=. -flto=auto -ffat-lto-objects -flto=auto -ffat-lto-objects -fstack-protector-strong -Wformat ' OBJCXXFLAGS='-g -O2 -ffile-prefix-map=/build/gcc-avr-VxQ9yL/gcc-avr-5.4.0+Atmel3.6.2=. -flto=auto -ffat-lto-objects -flto=auto -ffat-lto-objects -fstack-protector-strong -Wformat '
Thread model: single
gcc version 5.4.0 (GCC) 
configure:3661: $? = 0
configure:3650: avr-gcc -V >&5
avr-gcc: error: unrecognized command line option '-V'
avr-gcc: fatal error: no input files
compilation terminated.
configure:3661: $? = 1
configure:3650: avr-gcc -qversion >&5
avr-gcc: error: unrecognized command line option '-qversion'
avr-gcc: fatal error: no input files
compilation terminated.
configure:3661: $? = 1
configure:3650: avr-gcc -version >&5
avr-gcc: error: unrecognized command line option '-version'
avr-gcc: fatal error: no input files
compilation terminated.
configure:3661: $? = 1
configure:3681: checking whether the C compiler works
configure:3703: avr-gcc    conftest.c  >&5
configure:3707: $? = 0
configure:3757: result: yes
configure:3760: checking for C compiler default output file name
configure:3762: result: a.out
configure:3768: checking for suffix of executables
configure:3775: avr-gcc -o conftest    conftest.c  >&5
configure:3779: $? = 0
configure:3802: result: 
configure:3824: checking whether we are cross compiling
configure:3832: avr-gcc -o conftest    conftest.c  >&5
/tmp/cc5sXrAQ.o: In function `main':
conftest.c:(.text+0x12): undefined reference to `fopen'
/usr/lib/gcc/avr/5.4.0/../../../avr/lib/libc.a(malloc.o):(.data+0x0): undefined reference to `__heap_end'
collect2: error: ld returned 1 exit status
configure:3836: $? = 1
configure:3843: ./conftest
../configure: line 3845: ./conftest: No such file or directory
configure:3847: $? = 127
configure:3862: result: yes
configure:3867: checking for suffix of object files
configure:3890: avr-gcc -c   conftest.c >&5
configure:3894: $? = 0
configure:3916: result: o
configure:3920: checking whether the compiler supports GNU C
configure:3940: avr-gcc -c   conftest.c >&5
configure:3940: $? = 0
configure:3950: result: yes
configure:3961: checking whether avr-gcc accepts -g
configure:3982: avr-gcc -c -g  conftest.c >&5
configure:3982: $? = 0
configure:4026: result: yes
configure:4046: checking for avr-gcc option to enable C11 features
configure:4061: avr-gcc  -c -g -O2  conftest.c >&5
configure:4061: $? = 0
configure:4079: result: none needed
configure:4195: checking whether avr-gcc understands -c and -o together
configure:4218: avr-gcc -c conftest.c -o conftest2.o
configure:4221: $? = 0
configure:4218: avr-gcc -c conftest.c -o conftest2.o
configure:4221: $? = 0
configure:4233: result: yes
configure:4253: checking whether make supports the include directive
configure:4268: make -f confmf.GNU && cat confinc.out
this is the am__doit target
configure:4271: $? = 0
configure:4290: result: yes (GNU style)
configure:4316: checking dependency style of avr-gcc
configure:4428: result: gcc3
configure:4449: checking how to run the C preprocessor
configure:4475: avr-gcc -E  conftest.c
configure:4475: $? = 0
configure:4490: avr-gcc -E  conftest.c
conftest.c:11:28: fatal error: ac_nonexistent.h: No such file or directory
compilation terminated.
configure:4490: $? = 1
configure: failed program was:
| /* confdefs.h */
| #define PACKAGE_NAME "ece_473_lab"
| #define PACKAGE_TARNAME "ece_473_lab"
| #define PACKAGE_VERSION "1.0"
| #define PACKAGE_STRING "ece_473_lab 1.0"
| #define PACKAGE_BUGREPORT "Ryan.Gambord@oregonstate.edu"
| #define PACKAGE_URL ""
| #define PACKAGE "ece_473_lab"
| #define VERSION "1.0"
| /* end confdefs.h.  */
| #include <ac_nonexistent.h>
configure:4517: result: avr-gcc -E
configure:4531: avr-gcc -E  conftest.c
configure:4531: $? = 0
configure:4546: avr-gcc -E  conftest.c
conftest.c:11:28: fatal error: ac_nonexistent.h: No such file or directory
compilation terminated.
configure:4546: $? = 1
configure: failed program was:
| /* confdefs.h */
| #define PACKAGE_NAME "ece_473_lab"
| #define PACKAGE_TARNAME "ece_473_lab"
| #define PACKAGE_VERSION "1.0"
| #define PACKAGE_STRING "ece_473_lab 1.0"
| #define PACKAGE_BUGREPORT "Ryan.Gambord@oregonstate.edu"
| #define PACKAGE_URL ""
| #define PACKAGE "ece_473_lab"
| #define VERSION "1.0"
| /* end confdefs.h.  */
| #include <ac_nonexistent.h>
configure:4579: checking for avr-ranlib
configure:4600: found /usr/bin/avr-ranlib
configure:4611: result: avr-ranlib
configure:4685: checking for avr-ar
configure:4706: found /usr/bin/avr-ar
configure:4717: result: avr-ar
configure:4792: checking the archiver (avr-ar) interface
configure:4809: avr-gcc -c -g -O2  conftest.c >&5
configure:4809: $? = 0
configure:4812: avr-ar cru libconftest.a conftest.o >&5
configure:4815: $? = 0
configure:4843: result: ar
configure:4866: checking for bear
configure:4904: result: no
configure:4914: checking for avrdude
configure:4937: found /usr/bin/avrdude
configure:4949: result: /usr/bin/avrdude
configure:4965: checking for avr-as
configure:4988: found /usr/bin/avr-as
configure:5000: result: /usr/bin/avr-as
configure:5078: checking for avr-objcopy
configure:5101: found /usr/bin/avr-objcopy
configure:5113: result: /usr/bin/avr-objcopy
configure:5219: checking build system type
configure:5234: result: x86_64-pc-linux-gnu
configure:5254: checking host system type
configure:5268: result: avr-unknown-none
configure:5309: checking how to print strings
configure:5336: result: printf
configure:5357: checking for a sed that does not truncate output
configure:5427: result: /usr/bin/sed
configure:5445: checking for grep that handles long lines and -e
configure:5509: result: /usr/bin/grep
configure:5514: checking for egrep
configure:5582: result: /usr/bin/grep -E
configure:5587: checking for fgrep
configure:5655: result: /usr/bin/grep -F
configure:5691: checking for ld used by avr-gcc
configure:5759: result: /usr/lib/avr/bin/ld
configure:5766: checking if the linker (/usr/lib/avr/bin/ld) is GNU ld
configure:5782: result: yes
configure:5794: checking for BSD- or MS-compatible name lister (nm)
configure:5849: result: /usr/bin/avr-nm -B
configure:5989: checking the name lister (/usr/bin/avr-nm -B) interface
configure:5997: avr-gcc -c -g -O2  conftest.c >&5
configure:6000: /usr/bin/avr-nm -B "conftest.o"
configure:6003: output
0000003e a __SP_H__
0000003d a __SP_L__
0000003f a __SREG__
         U __do_clear_bss
00000000 a __tmp_reg__
00000001 a __zero_reg__
00000000 B some_variable
configure:6010: result: BSD nm
configure:6013: checking whether ln -s works
configure:6017: result: yes
configure:6025: checking the maximum length of command line arguments
configure:6157: result: 1572864
configure:6205: checking how to convert x86_64-pc-linux-gnu file names to avr-unknown-none format
configure:6246: result: func_convert_file_noop
configure:6253: checking how to convert x86_64-pc-linux-gnu file names to toolchain format
configure:6274: result: func_convert_file_noop
configure:6281: checking for /usr/lib/avr/bin/ld option to reload object files
configure:6289: result: -r
configure:6323: checking for avr-objdump
configure:6344: found /usr/bin/avr-objdump
configure:6355: result: avr-objdump
configure:6432: checking how to recognize dependent libraries
configure:6633: result: unknown
configure:6678: checking for avr-dlltool
configure:6713: result: no
configure:6723: checking for dlltool
configure:6758: result: no
configure:6788: checking how to associate runtime and link libraries
configure:6816: result: printf %s\n
configure:6832: checking for avr-ar
configure:6864: result: avr-ar
configure:6950: checking for archiver @FILE support
configure:6968: avr-gcc -c -g -O2  conftest.c >&5
configure:6968: $? = 0
configure:6972: avr-ar cr libconftest.a @conftest.lst >&5
configure:6975: $? = 0
configure:6980: avr-ar cr libconftest.a @conftest.lst >&5
avr-ar: conftest.o: No such file or directory
configure:6983: $? = 1
configure:6995: result: @
configure:7013: checking for avr-strip
configure:7045: result: avr-strip
configure:7122: checking for avr-ranlib
configure:7154: result: avr-ranlib
configure:7301: checking command to parse /usr/bin/avr-nm -B output from avr-gcc object
configure:7455: avr-gcc -c -g -O2  conftest.c >&5
configure:7458: $? = 0
configure:7462: /usr/bin/avr-nm -B conftest.o | sed -n -e 's/^.*[	 ]\([ABCDGIRSTW][ABCDGIRSTW]*\)[	 ][	 ]*\([_A-Za-z][_A-Za-z0-9]*\)$/\1 \2 \2/p' | sed '/ __gnu_lto/d' > conftest.nm
configure:7528: avr-gcc -o conftest -g -O2   conftest.c conftstm.o >&5
configure:7531: $? = 0
configure:7569: result: ok
configure:7616: checking for sysroot
configure:7647: result: no
configure:7654: checking for a working dd
configure:7698: result: /usr/bin/dd
configure:7702: checking how to truncate binary pipes
configure:7718: result: /usr/bin/dd bs=4096 count=1
configure:8010: checking for avr-mt
configure:8045: result: no
configure:8055: checking for mt
configure:8076: found /usr/bin/mt
configure:8087: result: mt
configure:8099: WARNING: using cross tools not prefixed with host triplet
configure:8110: checking if mt is a manifest tool
configure:8117: mt '-?'
configure:8125: result: no
configure:8855: checking for stdio.h
configure:8855: avr-gcc -c -g -O2  conftest.c >&5
configure:8855: $? = 0
configure:8855: result: yes
configure:8855: checking for stdlib.h
configure:8855: avr-gcc -c -g -O2  conftest.c >&5
configure:8855: $? = 0
configure:8855: result: yes
configure:8855: checking for string.h
configure:8855: avr-gcc -c -g -O2  conftest.c >&5
configure:8855: $? = 0
configure:8855: result: yes
configure:8855: checking for inttypes.h
configure:8855: avr-gcc -c -g -O2  conftest.c >&5
configure:8855: $? = 0
configure:8855: result: yes
configure:8855: checking for stdint.h
configure:8855: avr-gcc -c -g -O2  conftest.c >&5
configure:8855: $? = 0
configure:8855: result: yes
configure:8855: checking for strings.h
configure:8855: avr-gcc -c -g -O2  conftest.c >&5
conftest.c:44:21: fatal error: strings.h: No such file or directory
compilation terminated.
configure:8855: $? = 1
configure: failed program was:
| /* confdefs.h */
| #define PACKAGE_NAME "ece_473_lab"
| #define PACKAGE_TARNAME "ece_473_lab"
| #define PACKAGE_VERSION "1.0"
| #define PACKAGE_STRING "ece_473_lab 1.0"
| #define PACKAGE_BUGREPORT "Ryan.Gambord@oregonstate.edu"
| #define PACKAGE_URL ""
| #define PACKAGE "ece_473_lab"
| #define VERSION "1.0"
| #define HAVE_STDIO_H 1
| #define HAVE_STDLIB_H 1
| #define HAVE_STRING_H 1
| #define HAVE_INTTYPES_H 1
| #define HAVE_STDINT_H 1
| /* end confdefs.h.  */
| #include <stddef.h>
| #ifdef HAVE_STDIO_H
| # include <stdio.h>
| #endif
| #ifdef HAVE_STDLIB_H
| # include <stdlib.h>
| #endif
| #ifdef HAVE_STRING_H
| # include <string.h>
| #endif
| #ifdef HAVE_INTTYPES_H
| # include <inttypes.h>
| #endif
| #ifdef HAVE_STDINT_H
| # include <stdint.h>
| #endif
| #ifdef HAVE_STRINGS_H
| # include <strings.h>
| #endif
| #ifdef HAVE_SYS_TYPES_H
| # include <sys/types.h>
| #endif
| #ifdef HAVE_SYS_STAT_H
| # include <sys/stat.h>
| #endif
| #ifdef HAVE_UNISTD_H
| # include <unistd.h>
| #endif
| #include <strings.h>
configure:8855: result: no
configure:8855: checking for sys/stat.h
configure:8855: avr-gcc -c -g -O2  conftest.c >&5
conftest.c:44:22: fatal error: sys/stat.h: No such file or directory
compilation terminated.
configure:8855: $? = 1
configure: failed program was:
| /* confdefs.h */
| #define PACKAGE_NAME "ece_473_lab"
| #define PACKAGE_TARNAME "ece_473_lab"
| #define PACKAGE_VERSION "1.0"
| #define PACKAGE_STRING "ece_473_lab 1.0"
| #define PACKAGE_BUGREPORT "Ryan.Gambord@oregonstate.edu"
| #define PACKAGE_URL ""
| #define PACKAGE "ece_473_lab"
| #define VERSION "1.0"
| #define HAVE_STDIO_H 1
| #define HAVE_STDLIB_H 1
| #define HAVE_STRING_H 1
| #define HAVE_INTTYPES_H 1
| #define HAVE_STDINT_H 1
| /* end confdefs.h.  */
| #include <stddef.h>
| #ifdef HAVE_STDIO_H
| # include <stdio.h>
| #endif
| #ifdef HAVE_STDLIB_H
| # include <stdlib.h>
| #endif
| #ifdef HAVE_STRING_H
| # include <string.h>
| #endif
| #ifdef HAVE_INTTYPES_H
| # include <inttypes.h>
| #endif
| #ifdef HAVE_STDINT_H
| # include <stdint.h>
| #endif
| #ifdef HAVE_STRINGS_H
| # include <strings.h>
| #endif
| #ifdef HAVE_SYS_TYPES_H
| # include <sys/types.h>
| #endif
| #ifdef HAVE_SYS_STAT_H
| # include <sys/stat.h>
| #endif
| #ifdef HAVE_UNISTD_H
| # include <unistd.h>
| #endif
| #include <sys/stat.h>
configure:8855: result: no
configure:8855: checking for sys/types.h
configure:8855: avr-gcc -c -g -O2  conftest.c >&5
configure:8855: $? = 0
configure:8855: result: yes
configure:8855: checking for unistd.h
configure:8855: avr-gcc -c -g -O2  conftest.c >&5
configure:8855: $? = 0
configure:8855: result: yes
configure:8880: checking for dlfcn.h
configure:8880: avr-gcc -c -g -O2  conftest.c >&5
conftest.c:48:19: fatal error: dlfcn.h: No such file or directory
compilation terminated.
configure:8880: $? = 1
configure: failed program was:
| /* confdefs.h */
| #define PACKAGE_NAME "ece_473_lab"
| #define PACKAGE_TARNAME "ece_473_lab"
| #define PACKAGE_VERSION "1.0"
| #define PACKAGE_STRING "ece_473_lab 1.0"
| #define PACKAGE_BUGREPORT "Ryan.Gambord@oregonstate.edu"
| #define PACKAGE_URL ""
| #define PACKAGE "ece_473_lab"
| #define VERSION "1.0"
| #define HAVE_STDIO_H 1
| #define HAVE_STDLIB_H 1
| #define HAVE_STRING_H 1
| #define HAVE_INTTYPES_H 1
| #define HAVE_STDINT_H 1
| #define HAVE_SYS_TYPES_H 1
| #define HAVE_UNISTD_H 1
| #define STDC_HEADERS 1
| /* end confdefs.h.  */
| #include <stddef.h>
| #ifdef HAVE_STDIO_H
| # include <stdio.h>
| #endif
| #ifdef HAVE_STDLIB_H
| # include <stdlib.h>
| #endif
| #ifdef HAVE_STRING_H
| # include <string.h>
| #endif
| #ifdef HAVE_INTTYPES_H
| # include <inttypes.h>
| #endif
| #ifdef HAVE_STDINT_H
| # include <stdint.h>
| #endif
| #ifdef HAVE_STRINGS_H
| # include <strings.h>
| #endif
| #ifdef HAVE_SYS_TYPES_H
| # include <sys/types.h>
| #endif
| #ifdef HAVE_SYS_STAT_H
| # include <sys/stat.h>
| #endif
| #ifdef HAVE_UNISTD_H
| # include <unistd.h>
| #endif
| 
| #include <dlfcn.h>
configure:8880: result: no
configure:9138: checking for objdir
configure:9154: result: .libs
configure:9418: checking if avr-gcc supports -fno-rtti -fno-exceptions
configure:9437: avr-gcc -c -g -O2  -fno-rtti -fno-exceptions conftest.c >&5
cc1: warning: command line option '-fno-rtti' is valid for C++/ObjC++ but not for C
configure:9441: $? = 0
configure:9454: result: no
configure:9818: checking for avr-gcc option to produce PIC
configure:9826: result: -fPIC -DPIC
configure:9834: checking if avr-gcc PIC flag -fPIC -DPIC works
configure:9853: avr-gcc -c -g -O2  -fPIC -DPIC -DPIC conftest.c >&5
conftest.c:1:0: warning: -fPIC is not supported [-fPIC]
 int some_variable = 0;
 ^
configure:9857: $? = 0
configure:9870: result: no
configure:9899: checking if avr-gcc static flag -static works
configure:9928: result: yes
configure:9943: checking if avr-gcc supports -c -o file.o
configure:9965: avr-gcc -c -g -O2  -o out/conftest2.o conftest.c >&5
configure:9969: $? = 0
configure:9991: result: yes
configure:9999: checking if avr-gcc supports -c -o file.o
configure:10047: result: yes
configure:10080: checking whether the avr-gcc linker (/usr/lib/avr/bin/ld) supports shared libraries
configure:11350: result: yes
configure:11591: checking dynamic linker characteristics
configure:12424: result: no
configure:12546: checking how to hardcode library paths into programs
configure:12571: result: immediate
configure:13123: checking whether stripping libraries is possible
configure:13128: result: yes
configure:13163: checking if libtool supports shared libraries
configure:13165: result: no
configure:13168: checking whether to build shared libraries
configure:13193: result: no
configure:13196: checking whether to build static libraries
configure:13200: result: yes
configure:13241: "host_cpu = "avr"
configure:13253: checking for avr/version.h
configure:13253: avr-gcc -c -g -O2  conftest.c >&5
configure:13253: $? = 0
configure:13253: result: yes
configure:13260: checking for avr-libc >= 2.2.0
configure:13274: avr-gcc -E  conftest.c
conftest.c:24:2: error: #error __AVR_LIBC_VERSION__
 #error __AVR_LIBC_VERSION__
  ^
configure:13274: $? = 1
configure: failed program was:
| /* confdefs.h */
| #define PACKAGE_NAME "ece_473_lab"
| #define PACKAGE_TARNAME "ece_473_lab"
| #define PACKAGE_VERSION "1.0"
| #define PACKAGE_STRING "ece_473_lab 1.0"
| #define PACKAGE_BUGREPORT "Ryan.Gambord@oregonstate.edu"
| #define PACKAGE_URL ""
| #define PACKAGE "ece_473_lab"
| #define VERSION "1.0"
| #define HAVE_STDIO_H 1
| #define HAVE_STDLIB_H 1
| #define HAVE_STRING_H 1
| #define HAVE_INTTYPES_H 1
| #define HAVE_STDINT_H 1
| #define HAVE_SYS_TYPES_H 1
| #define HAVE_UNISTD_H 1
| #define STDC_HEADERS 1
| #define LT_OBJDIR ".libs/"
| #define HAVE_AVR_VERSION_H 1
| /* end confdefs.h.  */
| 
| #include <avr/version.h>
| #if !((__AVR_LIBC_MAJOR__ > 2) ||       (__AVR_LIBC_MAJOR__ == 2 && __AVR_LIBC_MINOR__ > 2) ||       (__AVR_LIBC_MAJOR__ == 2 && __AVR_LIBC_MINOR__ == 2 && __AVR_LIBC_REVISION__ >= 0))
| #error __AVR_LIBC_VERSION__
| #endif
| 
configure:13279: avr-libc >= 2.2.0 is required
configure:13415: checking that generated files are newer than configure
configure:13421: result: done
configure:13444: creating ./config.status

## ---------------------- ##
## Running config.status. ##
## ---------------------- ##

This file was extended by ece_473_lab config.status 1.0, which was
generated by GNU Autoconf 2.71.  Invocation command line was

  CONFIG_FILES    = 
  CONFIG_HEADERS  = 
  CONFIG_LINKS    = 
  CONFIG_COMMANDS = 
  $ ./config.status 

on gab-ROG-Zephyrus-G14-GA401QM-GA401QM

config.status:1087: creating Makefile
config.status:1087: creating src/Makefile
config.status:1087: creating config.h
config.status:1301: executing depfiles commands
config.status:1378: cd src       && sed -e '/# am--include-marker/d' Makefile         | make -f - am--depfiles
config.status:1383: $? = 0
config.status:1301: executing libtool commands

## ---------------- ##
## Cache variables. ##
## ---------------- ##

ac_cv_build=x86_64-pc-linux-gnu
ac_cv_c_compiler_gnu=yes
ac_cv_env_CC_set=
ac_cv_env_CC_value=
ac_cv_env_CFLAGS_set=
ac_cv_env_CFLAGS_value=
ac_cv_env_CPPFLAGS_set=
ac_cv_env_CPPFLAGS_value=
ac_cv_env_CPP_set=
ac_cv_env_CPP_value=
ac_cv_env_F_CPU_set=
ac_cv_env_F_CPU_value=
ac_cv_env_LDFLAGS_set=
ac_cv_env_LDFLAGS_value=
ac_cv_env_LIBS_set=
ac_cv_env_LIBS_value=
ac_cv_env_LT_SYS_LIBRARY_PATH_set=
ac_cv_env_LT_SYS_LIBRARY_PATH_value=
ac_cv_env_MCU_set=
ac_cv_env_MCU_value=
ac_cv_env_PRGRAMMER_PORT_set=
ac_cv_env_PRGRAMMER_PORT_value=
ac_cv_env_PROGRAMMER_set=
ac_cv_env_PROGRAMMER_value=
ac_cv_env_build_alias_set=
ac_cv_env_build_alias_value=
ac_cv_env_host_alias_set=set
ac_cv_env_host_alias_value=avr
ac_cv_env_target_alias_set=
ac_cv_env_target_alias_value=
ac_cv_header_avr_version_h=yes
ac_cv_header_dlfcn_h=no
ac_cv_header_inttypes_h=yes
ac_cv_header_stdint_h=yes
ac_cv_header_stdio_h=yes
ac_cv_header_stdlib_h=yes
ac_cv_header_string_h=yes
ac_cv_header_strings_h=no
ac_cv_header_sys_stat_h=no
ac_cv_header_sys_types_h=yes
ac_cv_header_unistd_h=yes
ac_cv_host=avr-unknown-none
ac_cv_objext=o
ac_cv_path_AS=/usr/bin/avr-as
ac_cv_path_AVRDUDE=/usr/bin/avrdude
ac_cv_path_EGREP='/usr/bin/grep -E'
ac_cv_path_FGREP='/usr/bin/grep -F'
ac_cv_path_GREP=/usr/bin/grep
ac_cv_path_OBJCOPY=/usr/bin/avr-objcopy
ac_cv_path_SED=/usr/bin/sed
ac_cv_path_install='/usr/bin/install -c'
ac_cv_path_lt_DD=/usr/bin/dd
ac_cv_path_mkdir=/usr/bin/mkdir
ac_cv_prog_AR=avr-ar
ac_cv_prog_AWK=mawk
ac_cv_prog_CC=avr-gcc
ac_cv_prog_CPP='avr-gcc -E'
ac_cv_prog_OBJDUMP=avr-objdump
ac_cv_prog_RANLIB=avr-ranlib
ac_cv_prog_STRIP=avr-strip
ac_cv_prog_ac_ct_MANIFEST_TOOL=mt
ac_cv_prog_cc_c11=
ac_cv_prog_cc_g=yes
ac_cv_prog_cc_stdc=
ac_cv_prog_make_make_set=yes
am_cv_CC_dependencies_compiler_type=gcc3
am_cv_ar_interface=ar
am_cv_make_support_nested_variables=yes
am_cv_prog_cc_c_o=yes
lt_cv_ar_at_file=@
lt_cv_deplibs_check_method=unknown
lt_cv_file_magic_cmd='$MAGIC_CMD'
lt_cv_file_magic_test_file=
lt_cv_ld_reload_flag=-r
lt_cv_nm_interface='BSD nm'
lt_cv_objdir=.libs
lt_cv_path_LD=/usr/lib/avr/bin/ld
lt_cv_path_NM='/usr/bin/avr-nm -B'
lt_cv_path_mainfest_tool=no
lt_cv_prog_compiler_c_o=yes
lt_cv_prog_compiler_pic='-fPIC -DPIC'
lt_cv_prog_compiler_pic_works=no
lt_cv_prog_compiler_rtti_exceptions=no
lt_cv_prog_compiler_static_works=yes
lt_cv_prog_gnu_ld=yes
lt_cv_sharedlib_from_linklib_cmd='printf %s\n'
lt_cv_sys_global_symbol_pipe='sed -n -e '\''s/^.*[	 ]\([ABCDGIRSTW][ABCDGIRSTW]*\)[	 ][	 ]*\([_A-Za-z][_A-Za-z0-9]*\)$/\1 \2 \2/p'\'' | sed '\''/ __gnu_lto/d'\'''
lt_cv_sys_global_symbol_to_c_name_address='sed -n -e '\''s/^: \(.*\) .*$/  {"\1", (void *) 0},/p'\'' -e '\''s/^[ABCDGIRSTW][ABCDGIRSTW]* .* \(.*\)$/  {"\1", (void *) \&\1},/p'\'''
lt_cv_sys_global_symbol_to_c_name_address_lib_prefix='sed -n -e '\''s/^: \(.*\) .*$/  {"\1", (void *) 0},/p'\'' -e '\''s/^[ABCDGIRSTW][ABCDGIRSTW]* .* \(lib.*\)$/  {"\1", (void *) \&\1},/p'\'' -e '\''s/^[ABCDGIRSTW][ABCDGIRSTW]* .* \(.*\)$/  {"lib\1", (void *) \&\1},/p'\'''
lt_cv_sys_global_symbol_to_cdecl='sed -n -e '\''s/^T .* \(.*\)$/extern int \1();/p'\'' -e '\''s/^[ABCDGIRSTW][ABCDGIRSTW]* .* \(.*\)$/extern char \1;/p'\'''
lt_cv_sys_global_symbol_to_import=
lt_cv_sys_max_cmd_len=1572864
lt_cv_to_host_file_cmd=func_convert_file_noop
lt_cv_to_tool_file_cmd=func_convert_file_noop
lt_cv_truncate_bin='/usr/bin/dd bs=4096 count=1'

## ----------------- ##
## Output variables. ##
## ----------------- ##

ACLOCAL='${SHELL} '\''/home/gab/classes/ece473/lab4/missing'\'' aclocal-1.16'
AMDEPBACKSLASH='\'
AMDEP_FALSE='#'
AMDEP_TRUE=''
AMTAR='$${TAR-tar}'
AM_BACKSLASH='\'
AM_CFLAGS='-g -Og -mmcu="$(MCU)"'
AM_DEFAULT_V='$(AM_DEFAULT_VERBOSITY)'
AM_DEFAULT_VERBOSITY='1'
AM_V='$(V)'
AR='avr-ar'
AS='/usr/bin/avr-as'
AUTOCONF='${SHELL} '\''/home/gab/classes/ece473/lab4/missing'\'' autoconf'
AUTOHEADER='${SHELL} '\''/home/gab/classes/ece473/lab4/missing'\'' autoheader'
AUTOMAKE='${SHELL} '\''/home/gab/classes/ece473/lab4/missing'\'' automake-1.16'
AVRDUDE='/usr/bin/avrdude'
AWK='mawk'
BEAR=''
CC='avr-gcc'
CCDEPMODE='depmode=gcc3'
CFLAGS='-g -O2'
CPP='avr-gcc -E'
CPPFLAGS=''
CSCOPE='cscope'
CTAGS='ctags'
CYGPATH_W='echo'
DEFS='-DHAVE_CONFIG_H'
DEPDIR='.deps'
DLLTOOL='false'
DSYMUTIL=''
DUMPBIN=''
ECHO_C=''
ECHO_N='-n'
ECHO_T=''
EGREP='/usr/bin/grep -E'
ETAGS='etags'
EXEEXT=''
FGREP='/usr/bin/grep -F'
F_CPU='8000000'
GREP='/usr/bin/grep'
INSTALL_DATA='${INSTALL} -m 644'
INSTALL_PROGRAM='${INSTALL}'
INSTALL_SCRIPT='${INSTALL}'
INSTALL_STRIP_PROGRAM='$(install_sh) -c -s'
LD='/usr/lib/avr/bin/ld'
LDFLAGS=''
LIBOBJS=''
LIBS=''
LIBTOOL='$(SHELL) $(top_builddir)/libtool'
LIPO=''
LN_S='ln -s'
LTLIBOBJS=''
LT_SYS_LIBRARY_PATH=''
MAKEINFO='${SHELL} '\''/home/gab/classes/ece473/lab4/missing'\'' makeinfo'
MANIFEST_TOOL=':'
MCU='atmega32u4'
MKDIR_P='/usr/bin/mkdir -p'
NM='/usr/bin/avr-nm -B'
NMEDIT=''
OBJCOPY='/usr/bin/avr-objcopy'
OBJDUMP='avr-objdump'
OBJEXT='o'
OTOOL64=''
OTOOL=''
PACKAGE='ece_473_lab'
PACKAGE_BUGREPORT='Ryan.Gambord@oregonstate.edu'
PACKAGE_NAME='ece_473_lab'
PACKAGE_STRING='ece_473_lab 1.0'
PACKAGE_TARNAME='ece_473_lab'
PACKAGE_URL=''
PACKAGE_VERSION='1.0'
PATH_SEPARATOR=':'
PRGRAMMER_PORT=''
PROGRAMMER='avr109'
PROGRAMMER_PORT='/dev/ttyACM0'
RANLIB='avr-ranlib'
SED='/usr/bin/sed'
SET_MAKE=''
SHELL='/bin/bash'
STRIP='avr-strip'
VERSION='1.0'
ac_ct_AR=''
ac_ct_CC=''
ac_ct_DUMPBIN=''
am__EXEEXT_FALSE=''
am__EXEEXT_TRUE='#'
am__fastdepCC_FALSE='#'
am__fastdepCC_TRUE=''
am__include='include'
am__isrc=' -I$(srcdir)'
am__leading_dot='.'
am__nodep='_no'
am__quote=''
am__tar='$${TAR-tar} chof - "$$tardir"'
am__untar='$${TAR-tar} xf -'
bindir='${exec_prefix}/bin'
build='x86_64-pc-linux-gnu'
build_alias=''
build_cpu='x86_64'
build_os='linux-gnu'
build_vendor='pc'
datadir='${datarootdir}'
datarootdir='${prefix}/share'
docdir='${datarootdir}/doc/${PACKAGE_TARNAME}'
dvidir='${docdir}'
exec_prefix='${prefix}'
host='avr-unknown-none'
host_alias='avr'
host_cpu='avr'
host_os='none'
host_vendor='unknown'
htmldir='${docdir}'
includedir='${prefix}/include'
infodir='${datarootdir}/info'
install_sh='${SHELL} /home/gab/classes/ece473/lab4/install-sh'
libdir='${exec_prefix}/lib'
libexecdir='${exec_prefix}/libexec'
localedir='${datarootdir}/locale'
localstatedir='${prefix}/var'
mandir='${datarootdir}/man'
mkdir_p='$(MKDIR_P)'
oldincludedir='/usr/include'
pdfdir='${docdir}'
prefix='/usr/local'
program_transform_name='s,x,x,'
psdir='${docdir}'
runstatedir='${localstatedir}/run'
sbindir='${exec_prefix}/sbin'
sharedstatedir='${prefix}/com'
sysconfdir='${prefix}/etc'
target_alias=''

## ----------- ##
## confdefs.h. ##
## ----------- ##

/* confdefs.h */
#define PACKAGE_NAME "ece_473_lab"
#define PACKAGE_TARNAME "ece_473_lab"
#define PACKAGE_VERSION "1.0"
#define PACKAGE_STRING "ece_473_lab 1.0"
#define PACKAGE_BUGREPORT "Ryan.Gambord@oregonstate.edu"
#define PACKAGE_URL ""
#define PACKAGE "ece_473_lab"
#define VERSION "1.0"
#define HAVE_STDIO_H 1
#define HAVE_STDLIB_H 1
#define HAVE_STRING_H 1
#define HAVE_INTTYPES_H 1
#define HAVE_STDINT_H 1
#define HAVE_SYS_TYPES_H 1
#define HAVE_UNISTD_H 1
#define STDC_HEADERS 1
#define LT_OBJDIR ".libs/"
#define HAVE_AVR_VERSION_H 1
#define F_CPU 8000000

configure: exit 0
