
main.elf:     file format elf32-avr

Sections:
Idx Name          Size      VMA       LMA       File off  Algn
  0 .data         00000000  00800100  000000fa  0000016e  2**0
                  CONTENTS, ALLOC, LOAD, DATA
  1 .text         000000fa  00000000  00000000  00000074  2**1
                  CONTENTS, ALLOC, LOAD, READONLY, CODE
  2 .stab         00000528  00000000  00000000  00000170  2**2
                  CONTENTS, READONLY, DEBUGGING
  3 .stabstr      00000c9f  00000000  00000000  00000698  2**0
                  CONTENTS, READONLY, DEBUGGING
  4 .comment      00000011  00000000  00000000  00001337  2**0
                  CONTENTS, READONLY
  5 .note.gnu.avr.deviceinfo 00000040  00000000  00000000  00001348  2**2
                  CONTENTS, READONLY
  6 .debug_info   000009f4  00000000  00000000  00001388  2**0
                  CONTENTS, READONLY, DEBUGGING
  7 .debug_abbrev 0000096a  00000000  00000000  00001d7c  2**0
                  CONTENTS, READONLY, DEBUGGING
  8 .debug_line   0000001a  00000000  00000000  000026e6  2**0
                  CONTENTS, READONLY, DEBUGGING
  9 .debug_str    00000371  00000000  00000000  00002700  2**0
                  CONTENTS, READONLY, DEBUGGING

Disassembly of section .text:

00000000 <__vectors>:
   0:	0c 94 56 00 	jmp	0xac	; 0xac <__ctors_end>
   4:	0c 94 60 00 	jmp	0xc0	; 0xc0 <__bad_interrupt>
   8:	0c 94 60 00 	jmp	0xc0	; 0xc0 <__bad_interrupt>
   c:	0c 94 60 00 	jmp	0xc0	; 0xc0 <__bad_interrupt>
  10:	0c 94 60 00 	jmp	0xc0	; 0xc0 <__bad_interrupt>
  14:	0c 94 60 00 	jmp	0xc0	; 0xc0 <__bad_interrupt>
  18:	0c 94 60 00 	jmp	0xc0	; 0xc0 <__bad_interrupt>
  1c:	0c 94 60 00 	jmp	0xc0	; 0xc0 <__bad_interrupt>
  20:	0c 94 60 00 	jmp	0xc0	; 0xc0 <__bad_interrupt>
  24:	0c 94 60 00 	jmp	0xc0	; 0xc0 <__bad_interrupt>
  28:	0c 94 60 00 	jmp	0xc0	; 0xc0 <__bad_interrupt>
  2c:	0c 94 60 00 	jmp	0xc0	; 0xc0 <__bad_interrupt>
  30:	0c 94 60 00 	jmp	0xc0	; 0xc0 <__bad_interrupt>
  34:	0c 94 60 00 	jmp	0xc0	; 0xc0 <__bad_interrupt>
  38:	0c 94 60 00 	jmp	0xc0	; 0xc0 <__bad_interrupt>
  3c:	0c 94 60 00 	jmp	0xc0	; 0xc0 <__bad_interrupt>
  40:	0c 94 60 00 	jmp	0xc0	; 0xc0 <__bad_interrupt>
  44:	0c 94 60 00 	jmp	0xc0	; 0xc0 <__bad_interrupt>
  48:	0c 94 60 00 	jmp	0xc0	; 0xc0 <__bad_interrupt>
  4c:	0c 94 60 00 	jmp	0xc0	; 0xc0 <__bad_interrupt>
  50:	0c 94 60 00 	jmp	0xc0	; 0xc0 <__bad_interrupt>
  54:	0c 94 60 00 	jmp	0xc0	; 0xc0 <__bad_interrupt>
  58:	0c 94 60 00 	jmp	0xc0	; 0xc0 <__bad_interrupt>
  5c:	0c 94 60 00 	jmp	0xc0	; 0xc0 <__bad_interrupt>
  60:	0c 94 60 00 	jmp	0xc0	; 0xc0 <__bad_interrupt>
  64:	0c 94 60 00 	jmp	0xc0	; 0xc0 <__bad_interrupt>
  68:	0c 94 60 00 	jmp	0xc0	; 0xc0 <__bad_interrupt>
  6c:	0c 94 60 00 	jmp	0xc0	; 0xc0 <__bad_interrupt>
  70:	0c 94 60 00 	jmp	0xc0	; 0xc0 <__bad_interrupt>
  74:	0c 94 60 00 	jmp	0xc0	; 0xc0 <__bad_interrupt>
  78:	0c 94 60 00 	jmp	0xc0	; 0xc0 <__bad_interrupt>
  7c:	0c 94 60 00 	jmp	0xc0	; 0xc0 <__bad_interrupt>
  80:	0c 94 60 00 	jmp	0xc0	; 0xc0 <__bad_interrupt>
  84:	0c 94 60 00 	jmp	0xc0	; 0xc0 <__bad_interrupt>
  88:	0c 94 60 00 	jmp	0xc0	; 0xc0 <__bad_interrupt>
  8c:	0c 94 60 00 	jmp	0xc0	; 0xc0 <__bad_interrupt>
  90:	0c 94 60 00 	jmp	0xc0	; 0xc0 <__bad_interrupt>
  94:	0c 94 60 00 	jmp	0xc0	; 0xc0 <__bad_interrupt>
  98:	0c 94 60 00 	jmp	0xc0	; 0xc0 <__bad_interrupt>
  9c:	0c 94 60 00 	jmp	0xc0	; 0xc0 <__bad_interrupt>
  a0:	0c 94 60 00 	jmp	0xc0	; 0xc0 <__bad_interrupt>
  a4:	0c 94 60 00 	jmp	0xc0	; 0xc0 <__bad_interrupt>
  a8:	0c 94 60 00 	jmp	0xc0	; 0xc0 <__bad_interrupt>

000000ac <__ctors_end>:
  ac:	11 24       	eor	r1, r1
  ae:	1f be       	out	0x3f, r1	; 63
  b0:	cf ef       	ldi	r28, 0xFF	; 255
  b2:	da e0       	ldi	r29, 0x0A	; 10
  b4:	de bf       	out	0x3e, r29	; 62
  b6:	cd bf       	out	0x3d, r28	; 61
  b8:	0e 94 62 00 	call	0xc4	; 0xc4 <main>
  bc:	0c 94 7b 00 	jmp	0xf6	; 0xf6 <_exit>

000000c0 <__bad_interrupt>:
  c0:	0c 94 00 00 	jmp	0	; 0x0 <__vectors>

000000c4 <main>:
#endif

int
main()
{
  DDRB = 0xff;
  c4:	8f ef       	ldi	r24, 0xFF	; 255
  c6:	84 b9       	out	0x04, r24	; 4
  for (;;) {
    //PORTB = 0xFF;
    PORTB |= 0b10101010;
  c8:	85 b1       	in	r24, 0x05	; 5
  ca:	8a 6a       	ori	r24, 0xAA	; 170
  cc:	85 b9       	out	0x05, r24	; 5
	#else
		//round up by default
		__ticks_dc = (uint32_t)(ceil(fabs(__tmp)));
	#endif

	__builtin_avr_delay_cycles(__ticks_dc);
  ce:	2f ef       	ldi	r18, 0xFF	; 255
  d0:	84 e3       	ldi	r24, 0x34	; 52
  d2:	9c e0       	ldi	r25, 0x0C	; 12
  d4:	21 50       	subi	r18, 0x01	; 1
  d6:	80 40       	sbci	r24, 0x00	; 0
  d8:	90 40       	sbci	r25, 0x00	; 0
  da:	e1 f7       	brne	.-8      	; 0xd4 <main+0x10>
  dc:	00 c0       	rjmp	.+0      	; 0xde <main+0x1a>
  de:	00 00       	nop
    _delay_ms(500);
    PORTB = 0x00;
  e0:	15 b8       	out	0x05, r1	; 5
  e2:	2f ef       	ldi	r18, 0xFF	; 255
  e4:	84 e3       	ldi	r24, 0x34	; 52
  e6:	9c e0       	ldi	r25, 0x0C	; 12
  e8:	21 50       	subi	r18, 0x01	; 1
  ea:	80 40       	sbci	r24, 0x00	; 0
  ec:	90 40       	sbci	r25, 0x00	; 0
  ee:	e1 f7       	brne	.-8      	; 0xe8 <main+0x24>
  f0:	00 c0       	rjmp	.+0      	; 0xf2 <main+0x2e>
  f2:	00 00       	nop
  f4:	e9 cf       	rjmp	.-46     	; 0xc8 <main+0x4>

000000f6 <_exit>:
  f6:	f8 94       	cli

000000f8 <__stop_program>:
  f8:	ff cf       	rjmp	.-2      	; 0xf8 <__stop_program>
